<?xml version="1.0" encoding="UTF-8"?>
<!-- Generated by org.testng.reporters.JUnitReportReporter -->
<testsuite hostname="Satish" failures="0" tests="8" name="runner.RunnerTest" time="68.606" errors="0" timestamp="2025-01-24T20:43:28 IST" skipped="0">
  <testcase classname="runner.RunnerTest" name="runScenario" time="8.748"/>
  <system-out/>
  <testcase classname="runner.RunnerTest" name="runScenario" time="9.145"/>
  <system-out/>
  <testcase classname="runner.RunnerTest" name="runScenario" time="8.827"/>
  <system-out/>
  <testcase classname="runner.RunnerTest" name="runScenario" time="7.861"/>
  <system-out/>
  <testcase classname="runner.RunnerTest" name="runScenario" time="7.879"/>
  <system-out/>
  <testcase classname="runner.RunnerTest" name="runScenario" time="7.790"/>
  <system-out/>
  <testcase classname="runner.RunnerTest" name="runScenario" time="9.295"/>
  <system-out/>
  <testcase classname="runner.RunnerTest" name="runScenario" time="9.061"/>
  <system-out/>
</testsuite> <!-- runner.RunnerTest -->
